Mono path[0] = 'Z:/mnt/dados/Games/Moonscars/Moonscars_Data/Managed'
Mono config path = 'Z:/mnt/dados/Games/Moonscars/MonoBleedingEdge/etc'
Initialize engine version: 2020.3.25f1 (9b9180224418)
[Subsystems] Discovering subsystems at path Z:/mnt/dados/Games/Moonscars/Moonscars_Data/UnitySubsystems
GfxDevice: creating device client; threaded=1
Direct3D:
    Version:  Direct3D 11.0 [level 11.1]
    Renderer: Intel(R) HD Graphics 4000 (ID=0x162)
    Vendor:   
    VRAM:     1536 MB
    Driver:   30.0.14023.3004
Begin MonoManager ReloadAssembly
- Completed reload, in  0.308 seconds
<RI> Initializing input.
New input system (experimental) initialized
<RI> Touch support initialization failed: Chamada não implementada.
.
UnloadTime: 1.009900 ms
Galaxy SDK was initialized
The referenced script (Microsoft.Xbox.Gdk) on this Behaviour is missing!
The referenced script (SaveSystemGDK) on this Behaviour is missing!
The referenced script on this Behaviour (Game Object 'GdkHelper') is missing!
The referenced script on this Behaviour (Game Object 'GdkHelper') is missing!
Unloading 6 Unused Serialized files (Serialized files now loaded: 0)
UnloadTime: 20.820400 ms
Singleton error! make sure you have a InputPlatformSpecificController in your scene
Singleton error! make sure you have a GamepadVibrationController in your scene
Singleton error! make sure you have a CameraController in your scene

Unloading 9 unused Assets to reduce memory usage. Loaded Objects now: 4302.
Total: 8.944300 ms (FindLiveObjects: 0.213000 ms CreateObjectMapping: 0.166500 ms MarkObjects: 6.837000 ms  DeleteObjects: 1.726400 ms)

Setting up 2 worker threads for Enlighten.
  Thread -> id: 20c -> priority: 1 
  Thread -> id: 210 -> priority: 1 
Curl error 42: Callback aborted
